[2025-01-20T12:24:36.510+0000] {local_task_job_runner.py:123} INFO - ::group::Pre task execution logs
[2025-01-20T12:24:36.986+0000] {taskinstance.py:2613} INFO - Dependencies all met for dep_context=non-requeueable deps ti=<TaskInstance: cryptobot_workflow.fetch_data manual__2025-01-20T12:24:28.357176+00:00 [queued]>
[2025-01-20T12:24:36.994+0000] {taskinstance.py:2613} INFO - Dependencies all met for dep_context=requeueable deps ti=<TaskInstance: cryptobot_workflow.fetch_data manual__2025-01-20T12:24:28.357176+00:00 [queued]>
[2025-01-20T12:24:36.995+0000] {taskinstance.py:2866} INFO - Starting attempt 1 of 1
[2025-01-20T12:24:37.021+0000] {taskinstance.py:2889} INFO - Executing <Task(BashOperator): fetch_data> on 2025-01-20 12:24:28.357176+00:00
[2025-01-20T12:24:37.055+0000] {warnings.py:112} WARNING - /home/***/.local/lib/python3.12/site-packages/***/task/task_runner/standard_task_runner.py:70: DeprecationWarning: This process (pid=83) is multi-threaded, use of fork() may lead to deadlocks in the child.
  pid = os.fork()

[2025-01-20T12:24:37.057+0000] {standard_task_runner.py:72} INFO - Started process 92 to run task
[2025-01-20T12:24:37.059+0000] {standard_task_runner.py:104} INFO - Running: ['***', 'tasks', 'run', 'cryptobot_workflow', 'fetch_data', 'manual__2025-01-20T12:24:28.357176+00:00', '--job-id', '87', '--raw', '--subdir', 'DAGS_FOLDER/cryptobot_dag.py', '--cfg-path', '/tmp/tmp1klsuuc0']
[2025-01-20T12:24:37.061+0000] {standard_task_runner.py:105} INFO - Job 87: Subtask fetch_data
[2025-01-20T12:24:37.222+0000] {task_command.py:467} INFO - Running <TaskInstance: cryptobot_workflow.fetch_data manual__2025-01-20T12:24:28.357176+00:00 [running]> on host fd5a16ffbc98
[2025-01-20T12:24:37.486+0000] {taskinstance.py:3132} INFO - Exporting env vars: AIRFLOW_CTX_DAG_OWNER='***' AIRFLOW_CTX_DAG_ID='cryptobot_workflow' AIRFLOW_CTX_TASK_ID='fetch_data' AIRFLOW_CTX_EXECUTION_DATE='2025-01-20T12:24:28.357176+00:00' AIRFLOW_CTX_TRY_NUMBER='1' AIRFLOW_CTX_DAG_RUN_ID='manual__2025-01-20T12:24:28.357176+00:00'
[2025-01-20T12:24:37.490+0000] {logging_mixin.py:190} INFO - Task instance is in running state
[2025-01-20T12:24:37.492+0000] {logging_mixin.py:190} INFO -  Previous state of the Task instance: queued
[2025-01-20T12:24:37.492+0000] {logging_mixin.py:190} INFO - Current task name:fetch_data state:running start_date:2025-01-20 12:24:36.987616+00:00
[2025-01-20T12:24:37.495+0000] {logging_mixin.py:190} INFO - Dag name:cryptobot_workflow and current dag run status:running
[2025-01-20T12:24:37.498+0000] {taskinstance.py:731} INFO - ::endgroup::
[2025-01-20T12:24:37.500+0000] {subprocess.py:78} INFO - Tmp dir root location: /tmp
[2025-01-20T12:24:37.502+0000] {subprocess.py:88} INFO - Running command: ['/usr/bin/bash', '-c', 'python /opt/***/src/extract.py']
[2025-01-20T12:24:37.518+0000] {subprocess.py:99} INFO - Output:
[2025-01-20T12:25:05.340+0000] {subprocess.py:106} INFO - Inserted 1 documents for BTCUSDT
[2025-01-20T12:25:05.356+0000] {subprocess.py:106} INFO - No more data returned, breaking the loop.
[2025-01-20T12:25:05.358+0000] {subprocess.py:106} INFO - Processed BTCUSDT: 1 documents inserted
[2025-01-20T12:25:05.359+0000] {subprocess.py:106} INFO - Inserted 1 documents for ETHUSDT
[2025-01-20T12:25:05.361+0000] {subprocess.py:106} INFO - No more data returned, breaking the loop.
[2025-01-20T12:25:05.362+0000] {subprocess.py:106} INFO - Processed ETHUSDT: 1 documents inserted
[2025-01-20T12:25:05.362+0000] {subprocess.py:106} INFO - Inserted 1 documents for SOLUSDT
[2025-01-20T12:25:05.363+0000] {subprocess.py:106} INFO - No more data returned, breaking the loop.
[2025-01-20T12:25:05.364+0000] {subprocess.py:106} INFO - Processed SOLUSDT: 1 documents inserted
[2025-01-20T12:25:05.366+0000] {subprocess.py:106} INFO - Inserted 1 documents for BNBUSDT
[2025-01-20T12:25:05.367+0000] {subprocess.py:106} INFO - No more data returned, breaking the loop.
[2025-01-20T12:25:05.368+0000] {subprocess.py:106} INFO - Processed BNBUSDT: 1 documents inserted
[2025-01-20T12:25:05.368+0000] {subprocess.py:106} INFO - Inserted 1 documents for XRPUSDT
[2025-01-20T12:25:05.369+0000] {subprocess.py:106} INFO - No more data returned, breaking the loop.
[2025-01-20T12:25:05.369+0000] {subprocess.py:106} INFO - Processed XRPUSDT: 1 documents inserted
[2025-01-20T12:25:05.369+0000] {subprocess.py:106} INFO - Inserted 1 documents for DOGEUSDT
[2025-01-20T12:25:05.370+0000] {subprocess.py:106} INFO - No more data returned, breaking the loop.
[2025-01-20T12:25:05.370+0000] {subprocess.py:106} INFO - Processed DOGEUSDT: 1 documents inserted
[2025-01-20T12:25:05.371+0000] {subprocess.py:106} INFO - Inserted 1 documents for ADAUSDT
[2025-01-20T12:25:05.371+0000] {subprocess.py:106} INFO - No more data returned, breaking the loop.
[2025-01-20T12:25:05.371+0000] {subprocess.py:106} INFO - Processed ADAUSDT: 1 documents inserted
[2025-01-20T12:25:05.371+0000] {subprocess.py:106} INFO - Inserted 1 documents for TRXUSDT
[2025-01-20T12:25:05.372+0000] {subprocess.py:106} INFO - No more data returned, breaking the loop.
[2025-01-20T12:25:05.372+0000] {subprocess.py:106} INFO - Processed TRXUSDT: 1 documents inserted
[2025-01-20T12:25:05.372+0000] {subprocess.py:106} INFO - Inserted 1 documents for AVAXUSDT
[2025-01-20T12:25:05.372+0000] {subprocess.py:106} INFO - No more data returned, breaking the loop.
[2025-01-20T12:25:05.373+0000] {subprocess.py:106} INFO - Processed AVAXUSDT: 1 documents inserted
[2025-01-20T12:25:05.373+0000] {subprocess.py:106} INFO - Inserted 1 documents for TONUSDT
[2025-01-20T12:25:05.373+0000] {subprocess.py:106} INFO - No more data returned, breaking the loop.
[2025-01-20T12:25:05.374+0000] {subprocess.py:106} INFO - Processed TONUSDT: 1 documents inserted
[2025-01-20T12:25:05.590+0000] {subprocess.py:110} INFO - Command exited with return code 0
[2025-01-20T12:25:05.663+0000] {taskinstance.py:340} INFO - ::group::Post task execution logs
[2025-01-20T12:25:05.664+0000] {taskinstance.py:352} INFO - Marking task as SUCCESS. dag_id=cryptobot_workflow, task_id=fetch_data, run_id=manual__2025-01-20T12:24:28.357176+00:00, execution_date=20250120T122428, start_date=20250120T122436, end_date=20250120T122505
[2025-01-20T12:25:05.680+0000] {logging_mixin.py:190} INFO - Task instance in success state
[2025-01-20T12:25:05.680+0000] {logging_mixin.py:190} INFO -  Previous state of the Task instance: running
[2025-01-20T12:25:05.680+0000] {logging_mixin.py:190} INFO - Dag name:cryptobot_workflow queued_at:2025-01-20 12:24:28.407575+00:00
[2025-01-20T12:25:05.681+0000] {logging_mixin.py:190} INFO - Task hostname:fd5a16ffbc98 operator:BashOperator
[2025-01-20T12:25:05.705+0000] {local_task_job_runner.py:266} INFO - Task exited with return code 0
[2025-01-20T12:25:05.751+0000] {taskinstance.py:3895} INFO - 1 downstream tasks scheduled from follow-on schedule check
[2025-01-20T12:25:05.752+0000] {local_task_job_runner.py:245} INFO - ::endgroup::
