[2025-01-20T09:49:47.568+0000] {local_task_job_runner.py:123} INFO - ::group::Pre task execution logs
[2025-01-20T09:49:47.577+0000] {taskinstance.py:2613} INFO - Dependencies all met for dep_context=non-requeueable deps ti=<TaskInstance: cryptobot_workflow.install_pymongo manual__2025-01-20T09:49:43.288191+00:00 [queued]>
[2025-01-20T09:49:47.580+0000] {taskinstance.py:2613} INFO - Dependencies all met for dep_context=requeueable deps ti=<TaskInstance: cryptobot_workflow.install_pymongo manual__2025-01-20T09:49:43.288191+00:00 [queued]>
[2025-01-20T09:49:47.581+0000] {taskinstance.py:2866} INFO - Starting attempt 1 of 1
[2025-01-20T09:49:47.587+0000] {taskinstance.py:2889} INFO - Executing <Task(PythonOperator): install_pymongo> on 2025-01-20 09:49:43.288191+00:00
[2025-01-20T09:49:47.595+0000] {warnings.py:112} WARNING - /home/***/.local/lib/python3.12/site-packages/***/task/task_runner/standard_task_runner.py:70: DeprecationWarning: This process (pid=75) is multi-threaded, use of fork() may lead to deadlocks in the child.
  pid = os.fork()

[2025-01-20T09:49:47.596+0000] {standard_task_runner.py:72} INFO - Started process 76 to run task
[2025-01-20T09:49:47.598+0000] {standard_task_runner.py:104} INFO - Running: ['***', 'tasks', 'run', 'cryptobot_workflow', 'install_pymongo', 'manual__2025-01-20T09:49:43.288191+00:00', '--job-id', '57', '--raw', '--subdir', 'DAGS_FOLDER/cryptobot_dag.py', '--cfg-path', '/tmp/tmp00xv2fi_']
[2025-01-20T09:49:47.599+0000] {standard_task_runner.py:105} INFO - Job 57: Subtask install_pymongo
[2025-01-20T09:49:47.969+0000] {task_command.py:467} INFO - Running <TaskInstance: cryptobot_workflow.install_pymongo manual__2025-01-20T09:49:43.288191+00:00 [running]> on host 03c752f9c1ed
[2025-01-20T09:49:48.020+0000] {taskinstance.py:3132} INFO - Exporting env vars: AIRFLOW_CTX_DAG_OWNER='***' AIRFLOW_CTX_DAG_ID='cryptobot_workflow' AIRFLOW_CTX_TASK_ID='install_pymongo' AIRFLOW_CTX_EXECUTION_DATE='2025-01-20T09:49:43.288191+00:00' AIRFLOW_CTX_TRY_NUMBER='1' AIRFLOW_CTX_DAG_RUN_ID='manual__2025-01-20T09:49:43.288191+00:00'
[2025-01-20T09:49:48.020+0000] {logging_mixin.py:190} INFO - Task instance is in running state
[2025-01-20T09:49:48.020+0000] {logging_mixin.py:190} INFO -  Previous state of the Task instance: queued
[2025-01-20T09:49:48.020+0000] {logging_mixin.py:190} INFO - Current task name:install_pymongo state:running start_date:2025-01-20 09:49:47.577787+00:00
[2025-01-20T09:49:48.021+0000] {logging_mixin.py:190} INFO - Dag name:cryptobot_workflow and current dag run status:running
[2025-01-20T09:49:48.021+0000] {taskinstance.py:731} INFO - ::endgroup::
[2025-01-20T09:49:49.489+0000] {python.py:240} INFO - Done. Returned value was: None
[2025-01-20T09:49:49.512+0000] {taskinstance.py:340} INFO - ::group::Post task execution logs
[2025-01-20T09:49:49.513+0000] {taskinstance.py:352} INFO - Marking task as SUCCESS. dag_id=cryptobot_workflow, task_id=install_pymongo, run_id=manual__2025-01-20T09:49:43.288191+00:00, execution_date=20250120T094943, start_date=20250120T094947, end_date=20250120T094949
[2025-01-20T09:49:49.525+0000] {logging_mixin.py:190} INFO - Task instance in success state
[2025-01-20T09:49:49.525+0000] {logging_mixin.py:190} INFO -  Previous state of the Task instance: running
[2025-01-20T09:49:49.526+0000] {logging_mixin.py:190} INFO - Dag name:cryptobot_workflow queued_at:2025-01-20 09:49:43.350009+00:00
[2025-01-20T09:49:49.526+0000] {logging_mixin.py:190} INFO - Task hostname:03c752f9c1ed operator:PythonOperator
[2025-01-20T09:49:49.561+0000] {local_task_job_runner.py:266} INFO - Task exited with return code 0
[2025-01-20T09:49:49.875+0000] {taskinstance.py:3895} INFO - 1 downstream tasks scheduled from follow-on schedule check
[2025-01-20T09:49:49.876+0000] {local_task_job_runner.py:245} INFO - ::endgroup::
