[2025-01-20T10:00:45.903+0000] {local_task_job_runner.py:123} INFO - ::group::Pre task execution logs
[2025-01-20T10:00:45.915+0000] {taskinstance.py:2613} INFO - Dependencies all met for dep_context=non-requeueable deps ti=<TaskInstance: cryptobot_workflow.preprocess_data manual__2025-01-20T10:00:01.735068+00:00 [queued]>
[2025-01-20T10:00:45.919+0000] {taskinstance.py:2613} INFO - Dependencies all met for dep_context=requeueable deps ti=<TaskInstance: cryptobot_workflow.preprocess_data manual__2025-01-20T10:00:01.735068+00:00 [queued]>
[2025-01-20T10:00:45.919+0000] {taskinstance.py:2866} INFO - Starting attempt 1 of 1
[2025-01-20T10:00:46.234+0000] {taskinstance.py:2889} INFO - Executing <Task(BashOperator): preprocess_data> on 2025-01-20 10:00:01.735068+00:00
[2025-01-20T10:00:46.249+0000] {warnings.py:112} WARNING - /home/***/.local/lib/python3.12/site-packages/***/task/task_runner/standard_task_runner.py:70: DeprecationWarning: This process (pid=269) is multi-threaded, use of fork() may lead to deadlocks in the child.
  pid = os.fork()

[2025-01-20T10:00:46.251+0000] {standard_task_runner.py:72} INFO - Started process 270 to run task
[2025-01-20T10:00:46.250+0000] {standard_task_runner.py:104} INFO - Running: ['***', 'tasks', 'run', 'cryptobot_workflow', 'preprocess_data', 'manual__2025-01-20T10:00:01.735068+00:00', '--job-id', '68', '--raw', '--subdir', 'DAGS_FOLDER/cryptobot_dag.py', '--cfg-path', '/tmp/tmpcbjxycfn']
[2025-01-20T10:00:46.252+0000] {standard_task_runner.py:105} INFO - Job 68: Subtask preprocess_data
[2025-01-20T10:00:46.300+0000] {task_command.py:467} INFO - Running <TaskInstance: cryptobot_workflow.preprocess_data manual__2025-01-20T10:00:01.735068+00:00 [running]> on host 03c752f9c1ed
[2025-01-20T10:00:46.342+0000] {taskinstance.py:3132} INFO - Exporting env vars: AIRFLOW_CTX_DAG_OWNER='***' AIRFLOW_CTX_DAG_ID='cryptobot_workflow' AIRFLOW_CTX_TASK_ID='preprocess_data' AIRFLOW_CTX_EXECUTION_DATE='2025-01-20T10:00:01.735068+00:00' AIRFLOW_CTX_TRY_NUMBER='1' AIRFLOW_CTX_DAG_RUN_ID='manual__2025-01-20T10:00:01.735068+00:00'
[2025-01-20T10:00:46.343+0000] {logging_mixin.py:190} INFO - Task instance is in running state
[2025-01-20T10:00:46.344+0000] {logging_mixin.py:190} INFO -  Previous state of the Task instance: queued
[2025-01-20T10:00:46.344+0000] {logging_mixin.py:190} INFO - Current task name:preprocess_data state:running start_date:2025-01-20 10:00:45.915589+00:00
[2025-01-20T10:00:46.344+0000] {logging_mixin.py:190} INFO - Dag name:cryptobot_workflow and current dag run status:running
[2025-01-20T10:00:46.344+0000] {taskinstance.py:731} INFO - ::endgroup::
[2025-01-20T10:00:46.349+0000] {subprocess.py:78} INFO - Tmp dir root location: /tmp
[2025-01-20T10:00:46.350+0000] {subprocess.py:88} INFO - Running command: ['/usr/bin/bash', '-c', 'python /opt/***/src/Data_processor.py']
[2025-01-20T10:00:46.363+0000] {subprocess.py:99} INFO - Output:
[2025-01-20T10:00:47.498+0000] {subprocess.py:106} INFO - Pas de nouvelles données à traiter pour ADAUSDT
[2025-01-20T10:00:47.501+0000] {subprocess.py:106} INFO - Pas de nouvelles données à traiter pour AVAXUSDT
[2025-01-20T10:00:47.501+0000] {subprocess.py:106} INFO - Pas de nouvelles données à traiter pour BNBUSDT
[2025-01-20T10:00:47.502+0000] {subprocess.py:106} INFO - Pas de nouvelles données à traiter pour BTCUSDT
[2025-01-20T10:00:47.502+0000] {subprocess.py:106} INFO - Pas de nouvelles données à traiter pour DOGEUSDT
[2025-01-20T10:00:47.502+0000] {subprocess.py:106} INFO - Pas de nouvelles données à traiter pour ETHUSDT
[2025-01-20T10:00:47.502+0000] {subprocess.py:106} INFO - Pas de nouvelles données à traiter pour SOLUSDT
[2025-01-20T10:00:47.502+0000] {subprocess.py:106} INFO - Pas de nouvelles données à traiter pour TONUSDT
[2025-01-20T10:00:47.503+0000] {subprocess.py:106} INFO - Pas de nouvelles données à traiter pour TRXUSDT
[2025-01-20T10:00:47.503+0000] {subprocess.py:106} INFO - Pas de nouvelles données à traiter pour XRPUSDT
[2025-01-20T10:00:48.050+0000] {subprocess.py:110} INFO - Command exited with return code 0
[2025-01-20T10:00:48.102+0000] {taskinstance.py:340} INFO - ::group::Post task execution logs
[2025-01-20T10:00:48.102+0000] {taskinstance.py:352} INFO - Marking task as SUCCESS. dag_id=cryptobot_workflow, task_id=preprocess_data, run_id=manual__2025-01-20T10:00:01.735068+00:00, execution_date=20250120T100001, start_date=20250120T100045, end_date=20250120T100048
[2025-01-20T10:00:48.119+0000] {logging_mixin.py:190} INFO - Task instance in success state
[2025-01-20T10:00:48.120+0000] {logging_mixin.py:190} INFO -  Previous state of the Task instance: running
[2025-01-20T10:00:48.120+0000] {logging_mixin.py:190} INFO - Dag name:cryptobot_workflow queued_at:2025-01-20 10:00:01.817244+00:00
[2025-01-20T10:00:48.120+0000] {logging_mixin.py:190} INFO - Task hostname:03c752f9c1ed operator:BashOperator
[2025-01-20T10:00:48.150+0000] {local_task_job_runner.py:266} INFO - Task exited with return code 0
[2025-01-20T10:00:48.203+0000] {taskinstance.py:3895} INFO - 1 downstream tasks scheduled from follow-on schedule check
[2025-01-20T10:00:48.205+0000] {local_task_job_runner.py:245} INFO - ::endgroup::
