[2025-01-20T09:52:35.824+0000] {local_task_job_runner.py:123} INFO - ::group::Pre task execution logs
[2025-01-20T09:52:35.942+0000] {taskinstance.py:2613} INFO - Dependencies all met for dep_context=non-requeueable deps ti=<TaskInstance: cryptobot_workflow.fetch_data manual__2025-01-20T09:52:27.088608+00:00 [queued]>
[2025-01-20T09:52:36.009+0000] {taskinstance.py:2613} INFO - Dependencies all met for dep_context=requeueable deps ti=<TaskInstance: cryptobot_workflow.fetch_data manual__2025-01-20T09:52:27.088608+00:00 [queued]>
[2025-01-20T09:52:36.013+0000] {taskinstance.py:2866} INFO - Starting attempt 1 of 1
[2025-01-20T09:52:36.088+0000] {taskinstance.py:2889} INFO - Executing <Task(BashOperator): fetch_data> on 2025-01-20 09:52:27.088608+00:00
[2025-01-20T09:52:36.100+0000] {warnings.py:112} WARNING - /home/***/.local/lib/python3.12/site-packages/***/task/task_runner/standard_task_runner.py:70: DeprecationWarning: This process (pid=95) is multi-threaded, use of fork() may lead to deadlocks in the child.
  pid = os.fork()

[2025-01-20T09:52:36.102+0000] {standard_task_runner.py:72} INFO - Started process 96 to run task
[2025-01-20T09:52:36.106+0000] {standard_task_runner.py:104} INFO - Running: ['***', 'tasks', 'run', 'cryptobot_workflow', 'fetch_data', 'manual__2025-01-20T09:52:27.088608+00:00', '--job-id', '62', '--raw', '--subdir', 'DAGS_FOLDER/cryptobot_dag.py', '--cfg-path', '/tmp/tmpzg0dxtvc']
[2025-01-20T09:52:36.109+0000] {standard_task_runner.py:105} INFO - Job 62: Subtask fetch_data
[2025-01-20T09:52:37.396+0000] {task_command.py:467} INFO - Running <TaskInstance: cryptobot_workflow.fetch_data manual__2025-01-20T09:52:27.088608+00:00 [running]> on host 03c752f9c1ed
[2025-01-20T09:52:37.532+0000] {taskinstance.py:3132} INFO - Exporting env vars: AIRFLOW_CTX_DAG_OWNER='***' AIRFLOW_CTX_DAG_ID='cryptobot_workflow' AIRFLOW_CTX_TASK_ID='fetch_data' AIRFLOW_CTX_EXECUTION_DATE='2025-01-20T09:52:27.088608+00:00' AIRFLOW_CTX_TRY_NUMBER='1' AIRFLOW_CTX_DAG_RUN_ID='manual__2025-01-20T09:52:27.088608+00:00'
[2025-01-20T09:52:37.533+0000] {logging_mixin.py:190} INFO - Task instance is in running state
[2025-01-20T09:52:37.533+0000] {logging_mixin.py:190} INFO -  Previous state of the Task instance: queued
[2025-01-20T09:52:37.533+0000] {logging_mixin.py:190} INFO - Current task name:fetch_data state:running start_date:2025-01-20 09:52:35.962762+00:00
[2025-01-20T09:52:37.534+0000] {logging_mixin.py:190} INFO - Dag name:cryptobot_workflow and current dag run status:running
[2025-01-20T09:52:37.534+0000] {taskinstance.py:731} INFO - ::endgroup::
[2025-01-20T09:52:37.535+0000] {subprocess.py:78} INFO - Tmp dir root location: /tmp
[2025-01-20T09:52:37.536+0000] {subprocess.py:88} INFO - Running command: ['/usr/bin/bash', '-c', 'python /opt/***/src/extract.py']
[2025-01-20T09:52:37.556+0000] {subprocess.py:99} INFO - Output:
[2025-01-20T09:54:33.736+0000] {subprocess.py:106} INFO - Inserted 1000 documents for BTCUSDT
[2025-01-20T09:54:33.747+0000] {subprocess.py:106} INFO - Inserted 1000 documents for BTCUSDT
[2025-01-20T09:54:33.748+0000] {subprocess.py:106} INFO - Inserted 1000 documents for BTCUSDT
[2025-01-20T09:54:33.748+0000] {subprocess.py:106} INFO - Inserted 1000 documents for BTCUSDT
[2025-01-20T09:54:33.749+0000] {subprocess.py:106} INFO - Inserted 380 documents for BTCUSDT
[2025-01-20T09:54:33.749+0000] {subprocess.py:106} INFO - No more data returned, breaking the loop.
[2025-01-20T09:54:33.750+0000] {subprocess.py:106} INFO - Processed BTCUSDT: 380 documents inserted
[2025-01-20T09:54:33.751+0000] {subprocess.py:106} INFO - Inserted 1000 documents for ETHUSDT
[2025-01-20T09:54:33.752+0000] {subprocess.py:106} INFO - Inserted 1000 documents for ETHUSDT
[2025-01-20T09:54:33.753+0000] {subprocess.py:106} INFO - Inserted 1000 documents for ETHUSDT
[2025-01-20T09:54:33.753+0000] {subprocess.py:106} INFO - Inserted 1000 documents for ETHUSDT
[2025-01-20T09:54:33.754+0000] {subprocess.py:106} INFO - Inserted 380 documents for ETHUSDT
[2025-01-20T09:54:33.754+0000] {subprocess.py:106} INFO - No more data returned, breaking the loop.
[2025-01-20T09:54:33.755+0000] {subprocess.py:106} INFO - Processed ETHUSDT: 380 documents inserted
[2025-01-20T09:54:33.755+0000] {subprocess.py:106} INFO - Inserted 1000 documents for SOLUSDT
[2025-01-20T09:54:33.756+0000] {subprocess.py:106} INFO - Inserted 1000 documents for SOLUSDT
[2025-01-20T09:54:33.756+0000] {subprocess.py:106} INFO - Inserted 1000 documents for SOLUSDT
[2025-01-20T09:54:33.756+0000] {subprocess.py:106} INFO - Inserted 1000 documents for SOLUSDT
[2025-01-20T09:54:33.757+0000] {subprocess.py:106} INFO - Inserted 380 documents for SOLUSDT
[2025-01-20T09:54:33.757+0000] {subprocess.py:106} INFO - No more data returned, breaking the loop.
[2025-01-20T09:54:33.758+0000] {subprocess.py:106} INFO - Processed SOLUSDT: 380 documents inserted
[2025-01-20T09:54:33.758+0000] {subprocess.py:106} INFO - Inserted 1000 documents for BNBUSDT
[2025-01-20T09:54:33.758+0000] {subprocess.py:106} INFO - Inserted 1000 documents for BNBUSDT
[2025-01-20T09:54:33.758+0000] {subprocess.py:106} INFO - Inserted 1000 documents for BNBUSDT
[2025-01-20T09:54:33.758+0000] {subprocess.py:106} INFO - Inserted 1000 documents for BNBUSDT
[2025-01-20T09:54:33.759+0000] {subprocess.py:106} INFO - Inserted 380 documents for BNBUSDT
[2025-01-20T09:54:33.759+0000] {subprocess.py:106} INFO - No more data returned, breaking the loop.
[2025-01-20T09:54:33.759+0000] {subprocess.py:106} INFO - Processed BNBUSDT: 380 documents inserted
[2025-01-20T09:54:33.760+0000] {subprocess.py:106} INFO - Inserted 1000 documents for XRPUSDT
[2025-01-20T09:54:33.760+0000] {subprocess.py:106} INFO - Inserted 1000 documents for XRPUSDT
[2025-01-20T09:54:33.760+0000] {subprocess.py:106} INFO - Inserted 1000 documents for XRPUSDT
[2025-01-20T09:54:33.761+0000] {subprocess.py:106} INFO - Inserted 1000 documents for XRPUSDT
[2025-01-20T09:54:33.761+0000] {subprocess.py:106} INFO - Inserted 380 documents for XRPUSDT
[2025-01-20T09:54:33.761+0000] {subprocess.py:106} INFO - No more data returned, breaking the loop.
[2025-01-20T09:54:33.761+0000] {subprocess.py:106} INFO - Processed XRPUSDT: 380 documents inserted
[2025-01-20T09:54:33.762+0000] {subprocess.py:106} INFO - Inserted 1000 documents for DOGEUSDT
[2025-01-20T09:54:33.762+0000] {subprocess.py:106} INFO - Inserted 1000 documents for DOGEUSDT
[2025-01-20T09:54:33.762+0000] {subprocess.py:106} INFO - Inserted 1000 documents for DOGEUSDT
[2025-01-20T09:54:33.762+0000] {subprocess.py:106} INFO - Inserted 1000 documents for DOGEUSDT
[2025-01-20T09:54:33.763+0000] {subprocess.py:106} INFO - Inserted 380 documents for DOGEUSDT
[2025-01-20T09:54:33.763+0000] {subprocess.py:106} INFO - No more data returned, breaking the loop.
[2025-01-20T09:54:33.763+0000] {subprocess.py:106} INFO - Processed DOGEUSDT: 380 documents inserted
[2025-01-20T09:54:33.763+0000] {subprocess.py:106} INFO - Inserted 1000 documents for ADAUSDT
[2025-01-20T09:54:33.763+0000] {subprocess.py:106} INFO - Inserted 1000 documents for ADAUSDT
[2025-01-20T09:54:33.763+0000] {subprocess.py:106} INFO - Inserted 1000 documents for ADAUSDT
[2025-01-20T09:54:33.764+0000] {subprocess.py:106} INFO - Inserted 1000 documents for ADAUSDT
[2025-01-20T09:54:33.764+0000] {subprocess.py:106} INFO - Inserted 380 documents for ADAUSDT
[2025-01-20T09:54:33.764+0000] {subprocess.py:106} INFO - No more data returned, breaking the loop.
[2025-01-20T09:54:33.764+0000] {subprocess.py:106} INFO - Processed ADAUSDT: 380 documents inserted
[2025-01-20T09:54:33.765+0000] {subprocess.py:106} INFO - Inserted 1000 documents for TRXUSDT
[2025-01-20T09:54:33.765+0000] {subprocess.py:106} INFO - Inserted 1000 documents for TRXUSDT
[2025-01-20T09:54:33.765+0000] {subprocess.py:106} INFO - Inserted 1000 documents for TRXUSDT
[2025-01-20T09:54:33.765+0000] {subprocess.py:106} INFO - Inserted 1000 documents for TRXUSDT
[2025-01-20T09:54:33.766+0000] {subprocess.py:106} INFO - Inserted 380 documents for TRXUSDT
[2025-01-20T09:54:33.766+0000] {subprocess.py:106} INFO - No more data returned, breaking the loop.
[2025-01-20T09:54:33.766+0000] {subprocess.py:106} INFO - Processed TRXUSDT: 380 documents inserted
[2025-01-20T09:54:33.766+0000] {subprocess.py:106} INFO - Inserted 1000 documents for AVAXUSDT
[2025-01-20T09:54:33.767+0000] {subprocess.py:106} INFO - Inserted 1000 documents for AVAXUSDT
[2025-01-20T09:54:33.767+0000] {subprocess.py:106} INFO - Inserted 1000 documents for AVAXUSDT
[2025-01-20T09:54:33.767+0000] {subprocess.py:106} INFO - Inserted 1000 documents for AVAXUSDT
[2025-01-20T09:54:33.767+0000] {subprocess.py:106} INFO - Inserted 380 documents for AVAXUSDT
[2025-01-20T09:54:33.767+0000] {subprocess.py:106} INFO - No more data returned, breaking the loop.
[2025-01-20T09:54:33.768+0000] {subprocess.py:106} INFO - Processed AVAXUSDT: 380 documents inserted
[2025-01-20T09:54:33.768+0000] {subprocess.py:106} INFO - Inserted 991 documents for TONUSDT
[2025-01-20T09:54:33.768+0000] {subprocess.py:106} INFO - No more data returned, breaking the loop.
[2025-01-20T09:54:33.768+0000] {subprocess.py:106} INFO - Processed TONUSDT: 991 documents inserted
[2025-01-20T09:54:34.314+0000] {subprocess.py:110} INFO - Command exited with return code 0
[2025-01-20T09:54:34.393+0000] {taskinstance.py:340} INFO - ::group::Post task execution logs
[2025-01-20T09:54:34.394+0000] {taskinstance.py:352} INFO - Marking task as SUCCESS. dag_id=cryptobot_workflow, task_id=fetch_data, run_id=manual__2025-01-20T09:52:27.088608+00:00, execution_date=20250120T095227, start_date=20250120T095235, end_date=20250120T095434
[2025-01-20T09:54:34.406+0000] {logging_mixin.py:190} INFO - Task instance in success state
[2025-01-20T09:54:34.406+0000] {logging_mixin.py:190} INFO -  Previous state of the Task instance: running
[2025-01-20T09:54:34.406+0000] {logging_mixin.py:190} INFO - Dag name:cryptobot_workflow queued_at:2025-01-20 09:52:27.131769+00:00
[2025-01-20T09:54:34.406+0000] {logging_mixin.py:190} INFO - Task hostname:03c752f9c1ed operator:BashOperator
[2025-01-20T09:54:34.445+0000] {local_task_job_runner.py:266} INFO - Task exited with return code 0
[2025-01-20T09:54:34.526+0000] {taskinstance.py:3895} INFO - 1 downstream tasks scheduled from follow-on schedule check
[2025-01-20T09:54:34.528+0000] {local_task_job_runner.py:245} INFO - ::endgroup::
