[2025-01-20T09:54:37.095+0000] {local_task_job_runner.py:123} INFO - ::group::Pre task execution logs
[2025-01-20T09:54:37.106+0000] {taskinstance.py:2613} INFO - Dependencies all met for dep_context=non-requeueable deps ti=<TaskInstance: cryptobot_workflow.preprocess_data manual__2025-01-20T09:52:27.088608+00:00 [queued]>
[2025-01-20T09:54:37.110+0000] {taskinstance.py:2613} INFO - Dependencies all met for dep_context=requeueable deps ti=<TaskInstance: cryptobot_workflow.preprocess_data manual__2025-01-20T09:52:27.088608+00:00 [queued]>
[2025-01-20T09:54:37.111+0000] {taskinstance.py:2866} INFO - Starting attempt 1 of 1
[2025-01-20T09:54:37.118+0000] {taskinstance.py:2889} INFO - Executing <Task(BashOperator): preprocess_data> on 2025-01-20 09:52:27.088608+00:00
[2025-01-20T09:54:37.127+0000] {warnings.py:112} WARNING - /home/***/.local/lib/python3.12/site-packages/***/task/task_runner/standard_task_runner.py:70: DeprecationWarning: This process (pid=131) is multi-threaded, use of fork() may lead to deadlocks in the child.
  pid = os.fork()

[2025-01-20T09:54:37.129+0000] {standard_task_runner.py:72} INFO - Started process 132 to run task
[2025-01-20T09:54:37.129+0000] {standard_task_runner.py:104} INFO - Running: ['***', 'tasks', 'run', 'cryptobot_workflow', 'preprocess_data', 'manual__2025-01-20T09:52:27.088608+00:00', '--job-id', '63', '--raw', '--subdir', 'DAGS_FOLDER/cryptobot_dag.py', '--cfg-path', '/tmp/tmpyky5mae6']
[2025-01-20T09:54:37.130+0000] {standard_task_runner.py:105} INFO - Job 63: Subtask preprocess_data
[2025-01-20T09:54:37.757+0000] {task_command.py:467} INFO - Running <TaskInstance: cryptobot_workflow.preprocess_data manual__2025-01-20T09:52:27.088608+00:00 [running]> on host 03c752f9c1ed
[2025-01-20T09:54:37.814+0000] {taskinstance.py:3132} INFO - Exporting env vars: AIRFLOW_CTX_DAG_OWNER='***' AIRFLOW_CTX_DAG_ID='cryptobot_workflow' AIRFLOW_CTX_TASK_ID='preprocess_data' AIRFLOW_CTX_EXECUTION_DATE='2025-01-20T09:52:27.088608+00:00' AIRFLOW_CTX_TRY_NUMBER='1' AIRFLOW_CTX_DAG_RUN_ID='manual__2025-01-20T09:52:27.088608+00:00'
[2025-01-20T09:54:37.816+0000] {logging_mixin.py:190} INFO - Task instance is in running state
[2025-01-20T09:54:37.816+0000] {logging_mixin.py:190} INFO -  Previous state of the Task instance: queued
[2025-01-20T09:54:37.816+0000] {logging_mixin.py:190} INFO - Current task name:preprocess_data state:running start_date:2025-01-20 09:54:37.107297+00:00
[2025-01-20T09:54:37.816+0000] {logging_mixin.py:190} INFO - Dag name:cryptobot_workflow and current dag run status:running
[2025-01-20T09:54:37.817+0000] {taskinstance.py:731} INFO - ::endgroup::
[2025-01-20T09:54:37.819+0000] {subprocess.py:78} INFO - Tmp dir root location: /tmp
[2025-01-20T09:54:37.819+0000] {subprocess.py:88} INFO - Running command: ['/usr/bin/bash', '-c', 'python /opt/***/src/Data_processor.py']
[2025-01-20T09:54:37.831+0000] {subprocess.py:99} INFO - Output:
[2025-01-20T09:54:40.569+0000] {subprocess.py:106} INFO - Inserted 3871 processed records for ADAUSDT
[2025-01-20T09:54:40.572+0000] {subprocess.py:106} INFO - Inserted 4361 processed records for AVAXUSDT
[2025-01-20T09:54:40.573+0000] {subprocess.py:106} INFO - Inserted 4361 processed records for BNBUSDT
[2025-01-20T09:54:40.573+0000] {subprocess.py:106} INFO - Inserted 4361 processed records for BTCUSDT
[2025-01-20T09:54:40.573+0000] {subprocess.py:106} INFO - Inserted 1398 processed records for DOGEUSDT
[2025-01-20T09:54:40.573+0000] {subprocess.py:106} INFO - Inserted 4361 processed records for ETHUSDT
[2025-01-20T09:54:40.574+0000] {subprocess.py:106} INFO - Inserted 4361 processed records for SOLUSDT
[2025-01-20T09:54:40.574+0000] {subprocess.py:106} INFO - Inserted 972 processed records for TONUSDT
[2025-01-20T09:54:40.574+0000] {subprocess.py:106} INFO - Inserted 448 processed records for TRXUSDT
[2025-01-20T09:54:40.574+0000] {subprocess.py:106} INFO - Inserted 4185 processed records for XRPUSDT
[2025-01-20T09:54:40.870+0000] {subprocess.py:110} INFO - Command exited with return code 0
[2025-01-20T09:54:40.931+0000] {taskinstance.py:340} INFO - ::group::Post task execution logs
[2025-01-20T09:54:40.932+0000] {taskinstance.py:352} INFO - Marking task as SUCCESS. dag_id=cryptobot_workflow, task_id=preprocess_data, run_id=manual__2025-01-20T09:52:27.088608+00:00, execution_date=20250120T095227, start_date=20250120T095437, end_date=20250120T095440
[2025-01-20T09:54:40.949+0000] {logging_mixin.py:190} INFO - Task instance in success state
[2025-01-20T09:54:40.950+0000] {logging_mixin.py:190} INFO -  Previous state of the Task instance: running
[2025-01-20T09:54:40.951+0000] {logging_mixin.py:190} INFO - Dag name:cryptobot_workflow queued_at:2025-01-20 09:52:27.131769+00:00
[2025-01-20T09:54:40.952+0000] {logging_mixin.py:190} INFO - Task hostname:03c752f9c1ed operator:BashOperator
[2025-01-20T09:54:41.000+0000] {local_task_job_runner.py:266} INFO - Task exited with return code 0
[2025-01-20T09:54:41.039+0000] {local_task_job_runner.py:245} INFO - ::endgroup::
