[2025-01-20T10:21:32.037+0000] {local_task_job_runner.py:123} INFO - ::group::Pre task execution logs
[2025-01-20T10:21:33.057+0000] {taskinstance.py:2613} INFO - Dependencies all met for dep_context=non-requeueable deps ti=<TaskInstance: cryptobot_workflow.installs manual__2025-01-20T10:18:05.119977+00:00 [queued]>
[2025-01-20T10:21:33.363+0000] {taskinstance.py:2613} INFO - Dependencies all met for dep_context=requeueable deps ti=<TaskInstance: cryptobot_workflow.installs manual__2025-01-20T10:18:05.119977+00:00 [queued]>
[2025-01-20T10:21:33.379+0000] {taskinstance.py:2866} INFO - Starting attempt 1 of 1
[2025-01-20T10:21:33.783+0000] {taskinstance.py:2889} INFO - Executing <Task(PythonOperator): installs> on 2025-01-20 10:18:05.119977+00:00
[2025-01-20T10:21:33.966+0000] {warnings.py:112} WARNING - /home/***/.local/lib/python3.12/site-packages/***/task/task_runner/standard_task_runner.py:70: DeprecationWarning: This process (pid=98) is multi-threaded, use of fork() may lead to deadlocks in the child.
  pid = os.fork()

[2025-01-20T10:21:33.983+0000] {standard_task_runner.py:72} INFO - Started process 134 to run task
[2025-01-20T10:21:34.061+0000] {standard_task_runner.py:104} INFO - Running: ['***', 'tasks', 'run', 'cryptobot_workflow', 'installs', 'manual__2025-01-20T10:18:05.119977+00:00', '--job-id', '73', '--raw', '--subdir', 'DAGS_FOLDER/cryptobot_dag.py', '--cfg-path', '/tmp/tmpqfcmrpsr']
[2025-01-20T10:21:34.073+0000] {standard_task_runner.py:105} INFO - Job 73: Subtask installs
[2025-01-20T10:22:15.904+0000] {job.py:229} INFO - Heartbeat recovered after 46.42 seconds
[2025-01-20T10:22:19.171+0000] {task_command.py:467} INFO - Running <TaskInstance: cryptobot_workflow.installs manual__2025-01-20T10:18:05.119977+00:00 [running]> on host 03c752f9c1ed
[2025-01-20T10:22:23.989+0000] {taskinstance.py:3132} INFO - Exporting env vars: AIRFLOW_CTX_DAG_OWNER='***' AIRFLOW_CTX_DAG_ID='cryptobot_workflow' AIRFLOW_CTX_TASK_ID='installs' AIRFLOW_CTX_EXECUTION_DATE='2025-01-20T10:18:05.119977+00:00' AIRFLOW_CTX_TRY_NUMBER='1' AIRFLOW_CTX_DAG_RUN_ID='manual__2025-01-20T10:18:05.119977+00:00'
[2025-01-20T10:22:24.861+0000] {logging_mixin.py:190} INFO - Task instance is in running state
[2025-01-20T10:22:24.983+0000] {logging_mixin.py:190} INFO -  Previous state of the Task instance: queued
[2025-01-20T10:22:25.003+0000] {logging_mixin.py:190} INFO - Current task name:installs state:running start_date:2025-01-20 10:21:33.101696+00:00
[2025-01-20T10:22:25.015+0000] {logging_mixin.py:190} INFO - Dag name:cryptobot_workflow and current dag run status:running
[2025-01-20T10:22:25.052+0000] {taskinstance.py:731} INFO - ::endgroup::
[2025-01-20T10:22:52.832+0000] {job.py:229} INFO - Heartbeat recovered after 19.39 seconds
[2025-01-20T10:23:12.971+0000] {job.py:229} INFO - Heartbeat recovered after 22.34 seconds
[2025-01-20T10:25:29.176+0000] {job.py:229} INFO - Heartbeat recovered after 13.09 seconds
[2025-01-20T10:25:49.425+0000] {job.py:229} INFO - Heartbeat recovered after 21.34 seconds
[2025-01-20T10:26:21.219+0000] {job.py:229} INFO - Heartbeat recovered after 34.13 seconds
[2025-01-20T10:26:47.987+0000] {job.py:229} INFO - Heartbeat recovered after 17.67 seconds
[2025-01-20T10:27:02.280+0000] {job.py:229} INFO - Heartbeat recovered after 14.80 seconds
[2025-01-20T10:27:31.567+0000] {job.py:229} INFO - Heartbeat recovered after 12.02 seconds
