[2025-01-20T09:12:53.417+0000] {local_task_job_runner.py:123} INFO - ::group::Pre task execution logs
[2025-01-20T09:12:53.429+0000] {taskinstance.py:2613} INFO - Dependencies all met for dep_context=non-requeueable deps ti=<TaskInstance: cryptobot_workflow.install_pymongo manual__2025-01-20T09:12:50.160580+00:00 [queued]>
[2025-01-20T09:12:53.433+0000] {taskinstance.py:2613} INFO - Dependencies all met for dep_context=requeueable deps ti=<TaskInstance: cryptobot_workflow.install_pymongo manual__2025-01-20T09:12:50.160580+00:00 [queued]>
[2025-01-20T09:12:53.433+0000] {taskinstance.py:2866} INFO - Starting attempt 1 of 1
[2025-01-20T09:12:53.440+0000] {taskinstance.py:2889} INFO - Executing <Task(PythonOperator): install_pymongo> on 2025-01-20 09:12:50.160580+00:00
[2025-01-20T09:12:53.448+0000] {warnings.py:112} WARNING - /home/***/.local/lib/python3.12/site-packages/***/task/task_runner/standard_task_runner.py:70: DeprecationWarning: This process (pid=73) is multi-threaded, use of fork() may lead to deadlocks in the child.
  pid = os.fork()

[2025-01-20T09:12:53.449+0000] {standard_task_runner.py:72} INFO - Started process 74 to run task
[2025-01-20T09:12:53.450+0000] {standard_task_runner.py:104} INFO - Running: ['***', 'tasks', 'run', 'cryptobot_workflow', 'install_pymongo', 'manual__2025-01-20T09:12:50.160580+00:00', '--job-id', '45', '--raw', '--subdir', 'DAGS_FOLDER/cryptobot_dag.py', '--cfg-path', '/tmp/tmpzn_jn2q2']
[2025-01-20T09:12:53.451+0000] {standard_task_runner.py:105} INFO - Job 45: Subtask install_pymongo
[2025-01-20T09:12:55.342+0000] {task_command.py:467} INFO - Running <TaskInstance: cryptobot_workflow.install_pymongo manual__2025-01-20T09:12:50.160580+00:00 [running]> on host 03c752f9c1ed
[2025-01-20T09:12:55.455+0000] {taskinstance.py:3132} INFO - Exporting env vars: AIRFLOW_CTX_DAG_OWNER='***' AIRFLOW_CTX_DAG_ID='cryptobot_workflow' AIRFLOW_CTX_TASK_ID='install_pymongo' AIRFLOW_CTX_EXECUTION_DATE='2025-01-20T09:12:50.160580+00:00' AIRFLOW_CTX_TRY_NUMBER='1' AIRFLOW_CTX_DAG_RUN_ID='manual__2025-01-20T09:12:50.160580+00:00'
[2025-01-20T09:12:55.456+0000] {logging_mixin.py:190} INFO - Task instance is in running state
[2025-01-20T09:12:55.456+0000] {logging_mixin.py:190} INFO -  Previous state of the Task instance: queued
[2025-01-20T09:12:55.456+0000] {logging_mixin.py:190} INFO - Current task name:install_pymongo state:running start_date:2025-01-20 09:12:53.429989+00:00
[2025-01-20T09:12:55.457+0000] {logging_mixin.py:190} INFO - Dag name:cryptobot_workflow and current dag run status:running
[2025-01-20T09:12:55.457+0000] {taskinstance.py:731} INFO - ::endgroup::
[2025-01-20T09:12:57.273+0000] {python.py:240} INFO - Done. Returned value was: None
[2025-01-20T09:12:57.300+0000] {taskinstance.py:340} INFO - ::group::Post task execution logs
[2025-01-20T09:12:57.301+0000] {taskinstance.py:352} INFO - Marking task as SUCCESS. dag_id=cryptobot_workflow, task_id=install_pymongo, run_id=manual__2025-01-20T09:12:50.160580+00:00, execution_date=20250120T091250, start_date=20250120T091253, end_date=20250120T091257
[2025-01-20T09:12:57.322+0000] {logging_mixin.py:190} INFO - Task instance in success state
[2025-01-20T09:12:57.323+0000] {logging_mixin.py:190} INFO -  Previous state of the Task instance: running
[2025-01-20T09:12:57.324+0000] {logging_mixin.py:190} INFO - Dag name:cryptobot_workflow queued_at:2025-01-20 09:12:50.200252+00:00
[2025-01-20T09:12:57.324+0000] {logging_mixin.py:190} INFO - Task hostname:03c752f9c1ed operator:PythonOperator
[2025-01-20T09:12:57.377+0000] {local_task_job_runner.py:266} INFO - Task exited with return code 0
[2025-01-20T09:12:57.819+0000] {taskinstance.py:3895} INFO - 1 downstream tasks scheduled from follow-on schedule check
[2025-01-20T09:12:57.820+0000] {local_task_job_runner.py:245} INFO - ::endgroup::
