[2025-01-20T09:41:01.313+0000] {local_task_job_runner.py:123} INFO - ::group::Pre task execution logs
[2025-01-20T09:41:01.336+0000] {taskinstance.py:2613} INFO - Dependencies all met for dep_context=non-requeueable deps ti=<TaskInstance: cryptobot_workflow.install_pymongo manual__2025-01-20T09:40:57.973491+00:00 [queued]>
[2025-01-20T09:41:01.342+0000] {taskinstance.py:2613} INFO - Dependencies all met for dep_context=requeueable deps ti=<TaskInstance: cryptobot_workflow.install_pymongo manual__2025-01-20T09:40:57.973491+00:00 [queued]>
[2025-01-20T09:41:01.342+0000] {taskinstance.py:2866} INFO - Starting attempt 1 of 1
[2025-01-20T09:41:01.353+0000] {taskinstance.py:2889} INFO - Executing <Task(PythonOperator): install_pymongo> on 2025-01-20 09:40:57.973491+00:00
[2025-01-20T09:41:01.364+0000] {warnings.py:112} WARNING - /home/***/.local/lib/python3.12/site-packages/***/task/task_runner/standard_task_runner.py:70: DeprecationWarning: This process (pid=68) is multi-threaded, use of fork() may lead to deadlocks in the child.
  pid = os.fork()

[2025-01-20T09:41:01.365+0000] {standard_task_runner.py:72} INFO - Started process 69 to run task
[2025-01-20T09:41:01.366+0000] {standard_task_runner.py:104} INFO - Running: ['***', 'tasks', 'run', 'cryptobot_workflow', 'install_pymongo', 'manual__2025-01-20T09:40:57.973491+00:00', '--job-id', '53', '--raw', '--subdir', 'DAGS_FOLDER/cryptobot_dag.py', '--cfg-path', '/tmp/tmp8845s7ft']
[2025-01-20T09:41:01.366+0000] {standard_task_runner.py:105} INFO - Job 53: Subtask install_pymongo
[2025-01-20T09:41:02.066+0000] {task_command.py:467} INFO - Running <TaskInstance: cryptobot_workflow.install_pymongo manual__2025-01-20T09:40:57.973491+00:00 [running]> on host 03c752f9c1ed
[2025-01-20T09:41:02.125+0000] {taskinstance.py:3132} INFO - Exporting env vars: AIRFLOW_CTX_DAG_OWNER='***' AIRFLOW_CTX_DAG_ID='cryptobot_workflow' AIRFLOW_CTX_TASK_ID='install_pymongo' AIRFLOW_CTX_EXECUTION_DATE='2025-01-20T09:40:57.973491+00:00' AIRFLOW_CTX_TRY_NUMBER='1' AIRFLOW_CTX_DAG_RUN_ID='manual__2025-01-20T09:40:57.973491+00:00'
[2025-01-20T09:41:02.125+0000] {logging_mixin.py:190} INFO - Task instance is in running state
[2025-01-20T09:41:02.125+0000] {logging_mixin.py:190} INFO -  Previous state of the Task instance: queued
[2025-01-20T09:41:02.126+0000] {logging_mixin.py:190} INFO - Current task name:install_pymongo state:running start_date:2025-01-20 09:41:01.337027+00:00
[2025-01-20T09:41:02.126+0000] {logging_mixin.py:190} INFO - Dag name:cryptobot_workflow and current dag run status:running
[2025-01-20T09:41:02.126+0000] {taskinstance.py:731} INFO - ::endgroup::
[2025-01-20T09:41:04.291+0000] {python.py:240} INFO - Done. Returned value was: None
[2025-01-20T09:41:04.342+0000] {taskinstance.py:340} INFO - ::group::Post task execution logs
[2025-01-20T09:41:04.343+0000] {taskinstance.py:352} INFO - Marking task as SUCCESS. dag_id=cryptobot_workflow, task_id=install_pymongo, run_id=manual__2025-01-20T09:40:57.973491+00:00, execution_date=20250120T094057, start_date=20250120T094101, end_date=20250120T094104
[2025-01-20T09:41:04.373+0000] {logging_mixin.py:190} INFO - Task instance in success state
[2025-01-20T09:41:04.374+0000] {logging_mixin.py:190} INFO -  Previous state of the Task instance: running
[2025-01-20T09:41:04.374+0000] {logging_mixin.py:190} INFO - Dag name:cryptobot_workflow queued_at:2025-01-20 09:40:58.000162+00:00
[2025-01-20T09:41:04.374+0000] {logging_mixin.py:190} INFO - Task hostname:03c752f9c1ed operator:PythonOperator
[2025-01-20T09:41:04.400+0000] {local_task_job_runner.py:266} INFO - Task exited with return code 0
[2025-01-20T09:41:04.785+0000] {taskinstance.py:3895} INFO - 1 downstream tasks scheduled from follow-on schedule check
[2025-01-20T09:41:04.786+0000] {local_task_job_runner.py:245} INFO - ::endgroup::
